<?xml version="1.0" encoding="UTF-8"?>
<!-- Generated by org.testng.reporters.JUnitReportReporter -->
<testsuite hostname="HYPERSPACE" failures="0" tests="4" name="ReqRes_API_Basic_Tests.ReqRes_API_Basic" time="4.426" errors="0" timestamp="2024-08-16T20:21:14 IST" skipped="0">
  <testcase classname="ReqRes_API_Basic_Tests.ReqRes_API_Basic" name="getUsers" time="2.634"/>
  <system-out/>
  <testcase classname="ReqRes_API_Basic_Tests.ReqRes_API_Basic" name="createUser" time="0.940"/>
  <system-out/>
  <testcase classname="ReqRes_API_Basic_Tests.ReqRes_API_Basic" name="updateUser" time="0.418"/>
  <system-out/>
  <testcase classname="ReqRes_API_Basic_Tests.ReqRes_API_Basic" name="deleteUser" time="0.434"/>
  <system-out/>
</testsuite> <!-- ReqRes_API_Basic_Tests.ReqRes_API_Basic -->
