<?xml version="1.0" encoding="UTF-8"?>
<!-- Generated by org.testng.reporters.JUnitReportReporter -->
<testsuite hostname="HYPERSPACE" failures="0" tests="2" name="ReqRes_API_Basic_Tests.ReqRes_API_Users" time="3.711" errors="0" timestamp="2024-08-16T22:18:11 IST" skipped="0">
  <testcase classname="ReqRes_API_Basic_Tests.ReqRes_API_Users" name="registeruser" time="3.073"/>
  <system-out/>
  <testcase classname="ReqRes_API_Basic_Tests.ReqRes_API_Users" name="unsucessfulregisteruser" time="0.638"/>
  <system-out/>
</testsuite> <!-- ReqRes_API_Basic_Tests.ReqRes_API_Users -->
