<?xml version="1.0" encoding="UTF-8"?>
<!-- Generated by org.testng.reporters.JUnitReportReporter -->
<testsuite hostname="HYPERSPACE" failures="0" tests="4" name="ReqRes_API_Basic_Tests.ReqRes_API_Users" time="6.127" errors="0" timestamp="2024-08-16T22:43:28 IST" skipped="0">
  <testcase classname="ReqRes_API_Basic_Tests.ReqRes_API_Users" name="registeruser" time="2.933"/>
  <system-out/>
  <testcase classname="ReqRes_API_Basic_Tests.ReqRes_API_Users" name="unsucessfulregisteruser" time="0.701"/>
  <system-out/>
  <testcase classname="ReqRes_API_Basic_Tests.ReqRes_API_Users" name="unsucessfullLogin" time="1.743"/>
  <system-out/>
  <testcase classname="ReqRes_API_Basic_Tests.ReqRes_API_Users" name="sucessfullLogin" time="0.750"/>
  <system-out/>
</testsuite> <!-- ReqRes_API_Basic_Tests.ReqRes_API_Users -->
